<?xml version="1.0" encoding="UTF-8"?>
<!-- Generated by org.testng.reporters.JUnitReportReporter -->
<testsuite hostname="DESKTOP-V06FKDM" failures="0" tests="1" name="vtiger.LeadTests.CreateLeadByQuickSearchTest" time="47.306" errors="0" timestamp="2023-03-01T18:05:20 IST" skipped="0">
  <testcase classname="vtiger.LeadTests.CreateLeadByQuickSearchTest" name="CreateLeadTest" time="47.306"/>
  <system-out/>
</testsuite> <!-- vtiger.LeadTests.CreateLeadByQuickSearchTest -->
