<?xml version="1.0" encoding="UTF-8"?>
<!-- Generated by org.testng.reporters.JUnitReportReporter -->
<testsuite hostname="DESKTOP-V06FKDM" failures="0" tests="5" name="practice.DataProviderPractice" time="0.054" errors="0" timestamp="2023-03-09T12:52:20 IST" skipped="0">
  <testcase classname="practice.DataProviderPractice" name="dataprovider2" time="0.004"/>
  <system-out/>
  <testcase classname="practice.DataProviderPractice" name="dataproviderPractice" time="0.005"/>
  <system-out/>
  <testcase classname="practice.DataProviderPractice" name="dataproviderPractice" time="0.011"/>
  <system-out/>
  <testcase classname="practice.DataProviderPractice" name="dataprovider2" time="0.017"/>
  <system-out/>
  <testcase classname="practice.DataProviderPractice" name="dataproviderPractice" time="0.017"/>
  <system-out/>
</testsuite> <!-- practice.DataProviderPractice -->
