<?xml version="1.0" encoding="UTF-8"?>
<!-- Generated by org.testng.reporters.JUnitReportReporter -->
<testsuite hostname="DESKTOP-V06FKDM" failures="0" tests="1" name="vtiger.Organization.CreateNewOrganizationTest" time="42.098" errors="0" timestamp="2023-03-29T16:05:23 IST" skipped="0">
  <testcase classname="vtiger.Organization.CreateNewOrganizationTest" name="CreateOrgTest" time="42.098"/>
  <system-out/>
</testsuite> <!-- vtiger.Organization.CreateNewOrganizationTest -->
