<?xml version="1.0" encoding="UTF-8"?>
<!-- Generated by org.testng.reporters.JUnitReportReporter -->
<testsuite hostname="DESKTOP-V06FKDM" failures="0" tests="1" name="vtiger.ContactsTests.CreateContactTest" time="68.895" errors="0" timestamp="2023-03-07T13:10:46 IST" skipped="0">
  <testcase classname="vtiger.ContactsTests.CreateContactTest" name="createContactWithOrgTest" time="68.895"/>
  <system-out/>
</testsuite> <!-- vtiger.ContactsTests.CreateContactTest -->
