<?xml version="1.0" encoding="UTF-8"?>
<!-- Generated by org.testng.reporters.JUnitReportReporter -->
<testsuite hostname="DESKTOP-V06FKDM" failures="0" tests="2" name="practice.TestNGPraactice" time="0.101" errors="0" timestamp="2023-02-28T13:46:16 IST" skipped="0">
  <testcase classname="practice.TestNGPraactice" name="sample" time="0.067"/>
  <system-out/>
  <testcase classname="practice.TestNGPraactice" name="sampleTestScript" time="0.034"/>
  <system-out/>
</testsuite> <!-- practice.TestNGPraactice -->
