<?xml version="1.0" encoding="UTF-8"?>
<!-- Generated by org.testng.reporters.JUnitReportReporter -->
<testsuite hostname="DESKTOP-V06FKDM" failures="0" tests="5" name="vtiger.OrganizationTests.CreateMultipleOrganizationWithIndustry" time="126.277" errors="0" timestamp="2023-03-09T14:06:21 IST" skipped="0">
  <testcase classname="vtiger.OrganizationTests.CreateMultipleOrganizationWithIndustry" name="CreateMultipleOrganization" time="25.066"/>
  <system-out/>
  <testcase classname="vtiger.OrganizationTests.CreateMultipleOrganizationWithIndustry" name="CreateMultipleOrganization" time="25.233"/>
  <system-out/>
  <testcase classname="vtiger.OrganizationTests.CreateMultipleOrganizationWithIndustry" name="CreateMultipleOrganization" time="25.182"/>
  <system-out/>
  <testcase classname="vtiger.OrganizationTests.CreateMultipleOrganizationWithIndustry" name="CreateMultipleOrganization" time="25.413"/>
  <system-out/>
  <testcase classname="vtiger.OrganizationTests.CreateMultipleOrganizationWithIndustry" name="CreateMultipleOrganization" time="25.383"/>
  <system-out/>
</testsuite> <!-- vtiger.OrganizationTests.CreateMultipleOrganizationWithIndustry -->
