<?xml version="1.0" encoding="UTF-8"?>
<!-- Generated by org.testng.reporters.JUnitReportReporter -->
<testsuite hostname="DESKTOP-V06FKDM" failures="0" tests="1" name="practice.ReadDataFromCmdLine" time="0.016" errors="0" timestamp="2023-03-20T12:41:14 IST" skipped="0">
  <testcase classname="practice.ReadDataFromCmdLine" name="readData" time="0.016"/>
  <system-out/>
</testsuite> <!-- practice.ReadDataFromCmdLine -->
