<?xml version="1.0" encoding="UTF-8"?>
<!-- Generated by org.testng.reporters.JUnitReportReporter -->
<testsuite hostname="DESKTOP-V06FKDM" failures="0" tests="1" name="vtiger.LeadTests.CreateLeadFromQuickSearchTest" time="49.108" errors="0" timestamp="2023-03-14T13:46:22 IST" skipped="0">
  <testcase classname="vtiger.LeadTests.CreateLeadFromQuickSearchTest" name="CreateLeadTest" time="49.108"/>
  <system-out>
    <![CDATA[/read data from excel file specific to test script successfully
call createLeadfromquicksearch pom class successful]]>
  </system-out>
</testsuite> <!-- vtiger.LeadTests.CreateLeadFromQuickSearchTest -->
