<?xml version="1.0" encoding="UTF-8"?>
<!-- Generated by org.testng.reporters.JUnitReportReporter -->
<testsuite hostname="DESKTOP-V06FKDM" failures="0" tests="1" name="vtiger.Contacts.CreateContactWithOrganizationTest" time="45.172" errors="0" timestamp="2023-03-29T16:48:46 IST" skipped="0">
  <testcase classname="vtiger.Contacts.CreateContactWithOrganizationTest" name="CreateContactWithOrgTest" time="45.172"/>
  <system-out>
    <![CDATA[click on org link successful
click on org look up image successful
org is created successfully
click on contact link successful
click on contact look up image successful
new contact is created]]>
  </system-out>
</testsuite> <!-- vtiger.Contacts.CreateContactWithOrganizationTest -->
