<?xml version="1.0" encoding="UTF-8"?>
<!-- Generated by org.testng.reporters.JUnitReportReporter -->
<testsuite hostname="DESKTOP-V06FKDM" failures="0" tests="3" name="practice.TestNgPractice" time="0.036" errors="0" timestamp="2023-03-02T12:56:19 IST" skipped="1">
  <testcase classname="practice.TestNgPractice" name="updateuser" time="0.010"/>
  <system-out/>
  <testcase classname="practice.TestNgPractice" name="deleteuser" time="0.026"/>
  <system-out/>
  <testcase classname="practice.TestNgPractice" name="createuser">
    <skipped/>
  </testcase> <!-- createuser -->
  <system-out/>
</testsuite> <!-- practice.TestNgPractice -->
