<?xml version="1.0" encoding="UTF-8"?>
<!-- Generated by org.testng.reporters.JUnitReportReporter -->
<testsuite hostname="DESKTOP-V06FKDM" failures="0" tests="1" name="vtiger.Lead.CreateLeadFromQuickSearchTest" time="41.318" errors="0" timestamp="2023-03-29T16:53:55 IST" skipped="0">
  <testcase classname="vtiger.Lead.CreateLeadFromQuickSearchTest" name="CreateLeadTest" time="41.318"/>
  <system-out>
    <![CDATA[/read data from excel file specific to test script successfully
call createLeadfromquicksearch pom class successful]]>
  </system-out>
</testsuite> <!-- vtiger.Lead.CreateLeadFromQuickSearchTest -->
